<?xml version="1.0" encoding="UTF-8"?>
<!-- Generated by org.testng.reporters.JUnitReportReporter -->
<testsuite skipped="0" hostname="LAPTOP-7RKSKS96" name="testng.bclass" tests="1" failures="0" timestamp="15 Jun 2022 07:44:34 GMT" time="0.000" errors="0">
  <testcase name="tc4" time="0.000" classname="testng.bclass"/>
</testsuite> <!-- testng.bclass -->
